<?xml version="1.0" encoding="UTF-8"?>
<testsuite xmlns:xsi="http://www.w3.org/2001/XMLSchema-instance" xsi:noNamespaceSchemaLocation="https://maven.apache.org/surefire/maven-surefire-plugin/xsd/surefire-test-report.xsd" name="com.epam.rd.autotasks.meetautocode.ElectronicWatchTest" time="0.165" tests="12" errors="0" skipped="0" failures="0">
  <properties>
[...]
</properties>
  <testcase name="test{int, String}[1]" classname="com.epam.rd.autotasks.meetautocode.ElectronicWatchTest" time="0.068"/>
  <testcase name="test{int, String}[2]" classname="com.epam.rd.autotasks.meetautocode.ElectronicWatchTest" time="0.004"/>
  <testcase name="test{int, String}[3]" classname="com.epam.rd.autotasks.meetautocode.ElectronicWatchTest" time="0.002"/>
  <testcase name="test{int, String}[4]" classname="com.epam.rd.autotasks.meetautocode.ElectronicWatchTest" time="0.002"/>
  <testcase name="test{int, String}[5]" classname="com.epam.rd.autotasks.meetautocode.ElectronicWatchTest" time="0.002"/>
  <testcase name="test{int, String}[6]" classname="com.epam.rd.autotasks.meetautocode.ElectronicWatchTest" time="0.003"/>
  <testcase name="test{int, String}[7]" classname="com.epam.rd.autotasks.meetautocode.ElectronicWatchTest" time="0.002"/>
  <testcase name="test{int, String}[8]" classname="com.epam.rd.autotasks.meetautocode.ElectronicWatchTest" time="0.003"/>
  <testcase name="test{int, String}[9]" classname="com.epam.rd.autotasks.meetautocode.ElectronicWatchTest" time="0.003"/>
  <testcase name="test{int, String}[10]" classname="com.epam.rd.autotasks.meetautocode.ElectronicWatchTest" time="0.004"/>
  <testcase name="test{int, String}[11]" classname="com.epam.rd.autotasks.meetautocode.ElectronicWatchTest" time="0.003"/>
  <testcase name="test{int, String}[12]" classname="com.epam.rd.autotasks.meetautocode.ElectronicWatchTest" time="0.002"/>
</testsuite>