<?xml version="1.0" encoding="UTF-8"?>
<testsuite xmlns:xsi="http://www.w3.org/2001/XMLSchema-instance" xsi:noNamespaceSchemaLocation="https://maven.apache.org/surefire/maven-surefire-plugin/xsd/surefire-test-report.xsd" name="com.epam.rd.autotasks.matrices.MultiplyMatrixTests" time="0.07" tests="15" errors="0" skipped="0" failures="0">
  <properties>
[...]
</properties>
  <testcase name="test2x2_1" classname="com.epam.rd.autotasks.matrices.MultiplyMatrixTests" time="0.034"/>
  <testcase name="test2x2_2" classname="com.epam.rd.autotasks.matrices.MultiplyMatrixTests" time="0.001"/>
  <testcase name="test3x2_1" classname="com.epam.rd.autotasks.matrices.MultiplyMatrixTests" time="0.001"/>
  <testcase name="test3x2_2" classname="com.epam.rd.autotasks.matrices.MultiplyMatrixTests" time="0.001"/>
  <testcase name="test3x2_3" classname="com.epam.rd.autotasks.matrices.MultiplyMatrixTests" time="0.001"/>
  <testcase name="testHighRank_1" classname="com.epam.rd.autotasks.matrices.MultiplyMatrixTests" time="0.001"/>
  <testcase name="testHighRank_2" classname="com.epam.rd.autotasks.matrices.MultiplyMatrixTests" time="0.001"/>
  <testcase name="testHighRank_3" classname="com.epam.rd.autotasks.matrices.MultiplyMatrixTests" time="0.001"/>
  <testcase name="testHighRank_4" classname="com.epam.rd.autotasks.matrices.MultiplyMatrixTests" time="0"/>
  <testcase name="testHighRank_5" classname="com.epam.rd.autotasks.matrices.MultiplyMatrixTests" time="0.001"/>
  <testcase name="testHighRank_6" classname="com.epam.rd.autotasks.matrices.MultiplyMatrixTests" time="0"/>
  <testcase name="testHighRank_7" classname="com.epam.rd.autotasks.matrices.MultiplyMatrixTests" time="0.001"/>
  <testcase name="testHighRank_8" classname="com.epam.rd.autotasks.matrices.MultiplyMatrixTests" time="0.001"/>
  <testcase name="testHighRank_9" classname="com.epam.rd.autotasks.matrices.MultiplyMatrixTests" time="0.001"/>
  <testcase name="testHighRank_10" classname="com.epam.rd.autotasks.matrices.MultiplyMatrixTests" time="0"/>
</testsuite>